Conda environment initialized
Registered S3 method overwritten by 'GGally':
  method from   
  +.gg   ggplot2
Running FLAMES pipeline...
#### Input parameters:
{
  "comment": ["this is the default config for nanopore single cell long read data using 10x VDJ kit (5'end). use splice annotation in alignment. "],
  "pipeline_parameters": {
    "seed": [2022],
    "do_genome_alignment": [true],
    "do_isoform_identification": [true],
    "bambu_isoform_identification": [true],
    "do_read_realignment": [true],
    "do_transcript_quantification": [true]
  },
  "barcode_parameters": {
    "max_edit_distance": [2],
    "has_UMI": [true],
    "UMI_length": [10]
  },
  "isoform_parameters": {
    "generate_raw_isoform": [false],
    "max_dist": [2],
    "max_ts_dist": [100],
    "max_splice_match_dist": [10],
    "min_fl_exon_len": [40],
    "max_site_per_splice": [3],
    "min_sup_cnt": [5],
    "min_cnt_pct": [0.001],
    "min_sup_pct": [0.2],
    "bambu_trust_reference": [true],
    "strand_specific": [0],
    "remove_incomp_reads": [4],
    "downsample_ratio": [1]
  },
  "alignment_parameters": {
    "use_junctions": [true],
    "no_flank": [false]
  },
  "realign_parameters": {
    "use_annotation": [true]
  },
  "transcript_counting": {
    "min_tr_coverage": [0.4],
    "min_read_coverage": [0.4]
  }
} 
gene annotation: /data/gpfs/projects/punim0646/manveer/gencode.v43.basic.annotation.gtf 
genome fasta: /data/gpfs/projects/punim0646/manveer/gencode.v43.transcripts.fa 
input fastq: /data/gpfs/projects/punim0646/manveer/FLAMES_Q20_GridION_1000expCells/matched_reads.fastq.gz 
output directory: /data/gpfs/projects/punim0646/manveer/FLAMES_Q20_GridION_1000expCells 
directory containing minimap2: /home/mschauhan/.conda/envs/minimap2/bin 
#### Aligning reads to genome using minimap2
10:14:21 Fri Jun 23 2023 minimap2_align
samtools: error while loading shared libraries: libcrypto.so.1.0.0: cannot open shared object file: No such file or directory
[M::mm_idx_gen::9.533*1.80] collected minimizers
[M::mm_idx_gen::11.761*2.33] sorted minimizers
samtools: error while loading shared libraries: libcrypto.so.1.0.0: cannot open shared object file: No such file or directory
samtools: error while loading shared libraries: libcrypto.so.1.0.0: cannot open shared object file: No such file or directory
10:14:39 Fri Jun 23 2023 find_isoform
--- Start generating read class files ---
[10:17:22] WARNING: src/learner.cc:553: 
  If you are loading a serialized model (like pickle in Python, RDS in R) generated by
  older XGBoost, please export the model by calling `Booster.save_model` from that version
  first, then load it back in current version. See:

    https://xgboost.readthedocs.io/en/latest/tutorials/saving_model.html

  for more details about differences between saving model and serializing.

[10:17:22] WARNING: src/learner.cc:553: 
  If you are loading a serialized model (like pickle in Python, RDS in R) generated by
  older XGBoost, please export the model by calling `Booster.save_model` from that version
  first, then load it back in current version. See:

    https://xgboost.readthedocs.io/en/latest/tutorials/saving_model.html

  for more details about differences between saving model and serializing.

[10:17:22] WARNING: src/learner.cc:553: 
  If you are loading a serialized model (like pickle in Python, RDS in R) generated by
  older XGBoost, please export the model by calling `Booster.save_model` from that version
  first, then load it back in current version. See:

    https://xgboost.readthedocs.io/en/latest/tutorials/saving_model.html

  for more details about differences between saving model and serializing.

[10:17:22] WARNING: src/learner.cc:553: 
  If you are loading a serialized model (like pickle in Python, RDS in R) generated by
  older XGBoost, please export the model by calling `Booster.save_model` from that version
  first, then load it back in current version. See:

    https://xgboost.readthedocs.io/en/latest/tutorials/saving_model.html

  for more details about differences between saving model and serializing.

[10:20:08] WARNING: src/learner.cc:553: 
  If you are loading a serialized model (like pickle in Python, RDS in R) generated by
  older XGBoost, please export the model by calling `Booster.save_model` from that version
  first, then load it back in current version. See:

    https://xgboost.readthedocs.io/en/latest/tutorials/saving_model.html

  for more details about differences between saving model and serializing.

[10:20:08] WARNING: src/learner.cc:553: 
  If you are loading a serialized model (like pickle in Python, RDS in R) generated by
  older XGBoost, please export the model by calling `Booster.save_model` from that version
  first, then load it back in current version. See:

    https://xgboost.readthedocs.io/en/latest/tutorials/saving_model.html

  for more details about differences between saving model and serializing.

Error: BiocParallel errors
  1 remote errors, element index: 1
  0 unevaluated and other errors
  first remote error:
Error in if (sum(labels) == length(labels) | sum(labels) == 0) {: missing value where TRUE/FALSE needed
In addition: There were 12 warnings (use warnings() to see them)
Execution halted
